# JRE version: Java(TM) SE Runtime Environment (19.0.1+10) (build 19.0.1+10-21)
# Java VM: Java HotSpot(TM) 64-Bit Server VM (19.0.1+10-21, mixed mode, sharing, tiered, compressed oops, compressed class ptrs, g1 gc, windows-amd64)
GC Precious Log:
 CardTable entry size: 512
 Card Set container configuration: InlinePtr #cards 4 size 8 Array Of Cards #cards 16 size 48 Howl #buckets 8 coarsen threshold 3686 Howl Bitmap #cards 512 size 80 coarsen threshold 460 Card regions per heap region 1 cards per card region 4096
 CPUs: 8 total, 8 available
 Memory: 16082M
 Large Page Support: Disabled
 NUMA Support: Disabled
 Compressed Oops: Enabled (Zero based)
 Heap Region Size: 2M
 Heap Min Capacity: 8M
 Heap Initial Capacity: 252M
 Heap Max Capacity: 4022M
 Pre-touch: Disabled
 Parallel Workers: 8
 Concurrent Workers: 2
 Concurrent Refinement Workers: 8
 Periodic GC: Disabled
Heap:
 garbage-first heap   total 724992K, used 400365K [0x0000000704a00000, 0x0000000800000000)
  region size 2048K, 9 young (18432K), 9 survivors (18432K)
 Metaspace       used 6826K, committed 7104K, reserved 1114112K
  class space    used 779K, committed 896K, reserved 1048576K
GC Heap History (19 events):
Event: 0.503 GC heap before
{Heap before GC invocations=0 (full 0):
 garbage-first heap   total 258048K, used 22528K [0x0000000704a00000, 0x0000000800000000)
  region size 2048K, 11 young (22528K), 0 survivors (0K)
 Metaspace       used 5071K, committed 5248K, reserved 1114112K
  class space    used 608K, committed 704K, reserved 1048576K
}
Event: 0.506 GC heap after
{Heap after GC invocations=1 (full 0):
 garbage-first heap   total 258048K, used 2308K [0x0000000704a00000, 0x0000000800000000)
  region size 2048K, 2 young (4096K), 2 survivors (4096K)
 Metaspace       used 5071K, committed 5248K, reserved 1114112K
  class space    used 608K, committed 704K, reserved 1048576K
}
Event: 0.732 GC heap before
{Heap before GC invocations=1 (full 0):
 garbage-first heap   total 258048K, used 43268K [0x0000000704a00000, 0x0000000800000000)
  region size 2048K, 22 young (45056K), 2 survivors (4096K)
 Metaspace       used 6665K, committed 6912K, reserved 1114112K
  class space    used 766K, committed 896K, reserved 1048576K
}
Event: 0.744 GC heap after
{Heap after GC invocations=2 (full 0):
 garbage-first heap   total 258048K, used 17069K [0x0000000704a00000, 0x0000000800000000)
  region size 2048K, 3 young (6144K), 3 survivors (6144K)
 Metaspace       used 6665K, committed 6912K, reserved 1114112K
  class space    used 766K, committed 896K, reserved 1048576K
}
Event: 0.857 GC heap before
{Heap before GC invocations=2 (full 0):
 garbage-first heap   total 258048K, used 139949K [0x0000000704a00000, 0x0000000800000000)
  region size 2048K, 56 young (114688K), 3 survivors (6144K)
 Metaspace       used 6669K, committed 6912K, reserved 1114112K
  class space    used 766K, committed 896K, reserved 1048576K
}
Event: 0.896 GC heap after
{Heap after GC invocations=3 (full 0):
 garbage-first heap   total 258048K, used 86016K [0x0000000704a00000, 0x0000000800000000)
  region size 2048K, 7 young (14336K), 7 survivors (14336K)
 Metaspace       used 6669K, committed 6912K, reserved 1114112K
  class space    used 766K, committed 896K, reserved 1048576K
}
Event: 0.942 GC heap before
{Heap before GC invocations=3 (full 0):
 garbage-first heap   total 258048K, used 141312K [0x0000000704a00000, 0x0000000800000000)
  region size 2048K, 33 young (67584K), 7 survivors (14336K)
 Metaspace       used 6669K, committed 6912K, reserved 1114112K
  class space    used 766K, committed 896K, reserved 1048576K
}
Event: 0.971 GC heap after
{Heap after GC invocations=4 (full 0):
 garbage-first heap   total 258048K, used 116736K [0x0000000704a00000, 0x0000000800000000)
  region size 2048K, 5 young (10240K), 5 survivors (10240K)
 Metaspace       used 6669K, committed 6912K, reserved 1114112K
  class space    used 766K, committed 896K, reserved 1048576K
}
Event: 1.019 GC heap before
{Heap before GC invocations=4 (full 0):
 garbage-first heap   total 258048K, used 172032K [0x0000000704a00000, 0x0000000800000000)
  region size 2048K, 29 young (59392K), 5 survivors (10240K)
 Metaspace       used 6669K, committed 6912K, reserved 1114112K
  class space    used 766K, committed 896K, reserved 1048576K
}
Event: 1.040 GC heap after
{Heap after GC invocations=5 (full 0):
 garbage-first heap   total 258048K, used 158720K [0x0000000704a00000, 0x0000000800000000)
  region size 2048K, 4 young (8192K), 4 survivors (8192K)
 Metaspace       used 6669K, committed 6912K, reserved 1114112K
  class space    used 766K, committed 896K, reserved 1048576K
}
Event: 1.064 GC heap before
{Heap before GC invocations=5 (full 0):
 garbage-first heap   total 258048K, used 179200K [0x0000000704a00000, 0x0000000800000000)
  region size 2048K, 16 young (32768K), 4 survivors (8192K)
 Metaspace       used 6669K, committed 6912K, reserved 1114112K
  class space    used 766K, committed 896K, reserved 1048576K
}
Event: 1.074 GC heap after
{Heap after GC invocations=6 (full 0):
 garbage-first heap   total 724992K, used 174080K [0x0000000704a00000, 0x0000000800000000)
  region size 2048K, 3 young (6144K), 3 survivors (6144K)
 Metaspace       used 6669K, committed 6912K, reserved 1114112K
  class space    used 766K, committed 896K, reserved 1048576K
}
Event: 1.159 GC heap before
{Heap before GC invocations=6 (full 0):
 garbage-first heap   total 724992K, used 249856K [0x0000000704a00000, 0x0000000800000000)
  region size 2048K, 37 young (75776K), 3 survivors (6144K)
 Metaspace       used 6826K, committed 7104K, reserved 1114112K
  class space    used 779K, committed 896K, reserved 1048576K
}
Event: 1.178 GC heap after
{Heap after GC invocations=7 (full 0):
 garbage-first heap   total 724992K, used 210763K [0x0000000704a00000, 0x0000000800000000)
  region size 2048K, 5 young (10240K), 5 survivors (10240K)
 Metaspace       used 6826K, committed 7104K, reserved 1114112K
  class space    used 779K, committed 896K, reserved 1048576K
}
Event: 1.251 GC heap before
{Heap before GC invocations=7 (full 0):
 garbage-first heap   total 724992K, used 311115K [0x0000000704a00000, 0x0000000800000000)
  region size 2048K, 49 young (100352K), 5 survivors (10240K)
 Metaspace       used 6826K, committed 7104K, reserved 1114112K
  class space    used 779K, committed 896K, reserved 1048576K
}
Event: 1.280 GC heap after
{Heap after GC invocations=8 (full 0):
 garbage-first heap   total 724992K, used 274995K [0x0000000704a00000, 0x0000000800000000)
  region size 2048K, 7 young (14336K), 7 survivors (14336K)
 Metaspace       used 6826K, committed 7104K, reserved 1114112K
  class space    used 779K, committed 896K, reserved 1048576K
}
Event: 1.366 GC heap before
{Heap before GC invocations=8 (full 0):
 garbage-first heap   total 724992K, used 387635K [0x0000000704a00000, 0x0000000800000000)
  region size 2048K, 58 young (118784K), 7 survivors (14336K)
 Metaspace       used 6826K, committed 7104K, reserved 1114112K
  class space    used 779K, committed 896K, reserved 1048576K
}
Event: 1.393 GC heap after
{Heap after GC invocations=9 (full 0):
 garbage-first heap   total 724992K, used 330752K [0x0000000704a00000, 0x0000000800000000)
  region size 2048K, 8 young (16384K), 8 survivors (16384K)
 Metaspace       used 6826K, committed 7104K, reserved 1114112K
  class space    used 779K, committed 896K, reserved 1048576K
}
Event: 1.469 GC heap before
{Heap before GC invocations=9 (full 0):
 garbage-first heap   total 724992K, used 453632K [0x0000000704a00000, 0x0000000800000000)
  region size 2048K, 64 young (131072K), 8 survivors (16384K)
 Metaspace       used 6826K, committed 7104K, reserved 1114112K
  class space    used 779K, committed 896K, reserved 1048576K
}

