# JRE version: Java(TM) SE Runtime Environment (19.0.1+10) (build 19.0.1+10-21)
# Java VM: Java HotSpot(TM) 64-Bit Server VM (19.0.1+10-21, mixed mode, sharing, tiered, compressed oops, compressed class ptrs, g1 gc, windows-amd64)
GC Precious Log:
 CardTable entry size: 512
 Card Set container configuration: InlinePtr #cards 4 size 8 Array Of Cards #cards 16 size 48 Howl #buckets 8 coarsen threshold 3686 Howl Bitmap #cards 512 size 80 coarsen threshold 460 Card regions per heap region 1 cards per card region 4096
 CPUs: 8 total, 8 available
 Memory: 16082M
 Large Page Support: Disabled
 NUMA Support: Disabled
 Compressed Oops: Enabled (Zero based)
 Heap Region Size: 2M
 Heap Min Capacity: 8M
 Heap Initial Capacity: 252M
 Heap Max Capacity: 4022M
 Pre-touch: Disabled
 Parallel Workers: 8
 Concurrent Workers: 2
 Concurrent Refinement Workers: 8
 Periodic GC: Disabled
Heap:
 garbage-first heap   total 258048K, used 19813K [0x0000000704a00000, 0x0000000800000000)
  region size 2048K, 12 young (24576K), 2 survivors (4096K)
 Metaspace       used 6813K, committed 7040K, reserved 1114112K
  class space    used 756K, committed 832K, reserved 1048576K
GC Heap History (20 events):
Event: 1.158 GC heap before
{Heap before GC invocations=0 (full 0):
 garbage-first heap   total 258048K, used 22528K [0x0000000704a00000, 0x0000000800000000)
  region size 2048K, 11 young (22528K), 0 survivors (0K)
 Metaspace       used 5107K, committed 5248K, reserved 1114112K
  class space    used 608K, committed 704K, reserved 1048576K
}
Event: 1.162 GC heap after
{Heap after GC invocations=1 (full 0):
 garbage-first heap   total 258048K, used 2303K [0x0000000704a00000, 0x0000000800000000)
  region size 2048K, 2 young (4096K), 2 survivors (4096K)
 Metaspace       used 5107K, committed 5248K, reserved 1114112K
  class space    used 608K, committed 704K, reserved 1048576K
}
Event: 1.642 GC heap before
{Heap before GC invocations=1 (full 0):
 garbage-first heap   total 258048K, used 41215K [0x0000000704a00000, 0x0000000800000000)
  region size 2048K, 22 young (45056K), 2 survivors (4096K)
 Metaspace       used 6688K, committed 6912K, reserved 1114112K
  class space    used 755K, committed 832K, reserved 1048576K
}
Event: 1.647 GC heap after
{Heap after GC invocations=2 (full 0):
 garbage-first heap   total 258048K, used 3269K [0x0000000704a00000, 0x0000000800000000)
  region size 2048K, 2 young (4096K), 2 survivors (4096K)
 Metaspace       used 6688K, committed 6912K, reserved 1114112K
  class space    used 755K, committed 832K, reserved 1048576K
}
Event: 2.538 GC heap before
{Heap before GC invocations=2 (full 0):
 garbage-first heap   total 258048K, used 122053K [0x0000000704a00000, 0x0000000800000000)
  region size 2048K, 61 young (124928K), 2 survivors (4096K)
 Metaspace       used 6692K, committed 6912K, reserved 1114112K
  class space    used 755K, committed 832K, reserved 1048576K
}
Event: 2.541 GC heap after
{Heap after GC invocations=3 (full 0):
 garbage-first heap   total 258048K, used 3283K [0x0000000704a00000, 0x0000000800000000)
  region size 2048K, 2 young (4096K), 2 survivors (4096K)
 Metaspace       used 6692K, committed 6912K, reserved 1114112K
  class space    used 755K, committed 832K, reserved 1048576K
}
Event: 3.375 GC heap before
{Heap before GC invocations=3 (full 0):
 garbage-first heap   total 258048K, used 150739K [0x0000000704a00000, 0x0000000800000000)
  region size 2048K, 75 young (153600K), 2 survivors (4096K)
 Metaspace       used 6692K, committed 6912K, reserved 1114112K
  class space    used 755K, committed 832K, reserved 1048576K
}
Event: 3.379 GC heap after
{Heap after GC invocations=4 (full 0):
 garbage-first heap   total 258048K, used 3461K [0x0000000704a00000, 0x0000000800000000)
  region size 2048K, 2 young (4096K), 2 survivors (4096K)
 Metaspace       used 6692K, committed 6912K, reserved 1114112K
  class space    used 755K, committed 832K, reserved 1048576K
}
Event: 4.096 GC heap before
{Heap before GC invocations=4 (full 0):
 garbage-first heap   total 258048K, used 150917K [0x0000000704a00000, 0x0000000800000000)
  region size 2048K, 75 young (153600K), 2 survivors (4096K)
 Metaspace       used 6692K, committed 6912K, reserved 1114112K
  class space    used 755K, committed 832K, reserved 1048576K
}
Event: 4.100 GC heap after
{Heap after GC invocations=5 (full 0):
 garbage-first heap   total 258048K, used 3391K [0x0000000704a00000, 0x0000000800000000)
  region size 2048K, 2 young (4096K), 2 survivors (4096K)
 Metaspace       used 6692K, committed 6912K, reserved 1114112K
  class space    used 755K, committed 832K, reserved 1048576K
}
Event: 4.702 GC heap before
{Heap before GC invocations=5 (full 0):
 garbage-first heap   total 258048K, used 150847K [0x0000000704a00000, 0x0000000800000000)
  region size 2048K, 75 young (153600K), 2 survivors (4096K)
 Metaspace       used 6692K, committed 6912K, reserved 1114112K
  class space    used 755K, committed 832K, reserved 1048576K
}
Event: 4.704 GC heap after
{Heap after GC invocations=6 (full 0):
 garbage-first heap   total 258048K, used 3488K [0x0000000704a00000, 0x0000000800000000)
  region size 2048K, 2 young (4096K), 2 survivors (4096K)
 Metaspace       used 6692K, committed 6912K, reserved 1114112K
  class space    used 755K, committed 832K, reserved 1048576K
}
Event: 5.280 GC heap before
{Heap before GC invocations=6 (full 0):
 garbage-first heap   total 258048K, used 150944K [0x0000000704a00000, 0x0000000800000000)
  region size 2048K, 75 young (153600K), 2 survivors (4096K)
 Metaspace       used 6692K, committed 6912K, reserved 1114112K
  class space    used 755K, committed 832K, reserved 1048576K
}
Event: 5.283 GC heap after
{Heap after GC invocations=7 (full 0):
 garbage-first heap   total 258048K, used 3393K [0x0000000704a00000, 0x0000000800000000)
  region size 2048K, 2 young (4096K), 2 survivors (4096K)
 Metaspace       used 6692K, committed 6912K, reserved 1114112K
  class space    used 755K, committed 832K, reserved 1048576K
}
Event: 5.839 GC heap before
{Heap before GC invocations=7 (full 0):
 garbage-first heap   total 258048K, used 150849K [0x0000000704a00000, 0x0000000800000000)
  region size 2048K, 75 young (153600K), 2 survivors (4096K)
 Metaspace       used 6692K, committed 6912K, reserved 1114112K
  class space    used 755K, committed 832K, reserved 1048576K
}
Event: 5.841 GC heap after
{Heap after GC invocations=8 (full 0):
 garbage-first heap   total 258048K, used 3525K [0x0000000704a00000, 0x0000000800000000)
  region size 2048K, 2 young (4096K), 2 survivors (4096K)
 Metaspace       used 6692K, committed 6912K, reserved 1114112K
  class space    used 755K, committed 832K, reserved 1048576K
}
Event: 6.435 GC heap before
{Heap before GC invocations=8 (full 0):
 garbage-first heap   total 258048K, used 150981K [0x0000000704a00000, 0x0000000800000000)
  region size 2048K, 75 young (153600K), 2 survivors (4096K)
 Metaspace       used 6692K, committed 6912K, reserved 1114112K
  class space    used 755K, committed 832K, reserved 1048576K
}
Event: 6.438 GC heap after
{Heap after GC invocations=9 (full 0):
 garbage-first heap   total 258048K, used 3326K [0x0000000704a00000, 0x0000000800000000)
  region size 2048K, 2 young (4096K), 2 survivors (4096K)
 Metaspace       used 6692K, committed 6912K, reserved 1114112K
  class space    used 755K, committed 832K, reserved 1048576K
}
Event: 6.961 GC heap before
{Heap before GC invocations=9 (full 0):
 garbage-first heap   total 258048K, used 150782K [0x0000000704a00000, 0x0000000800000000)
  region size 2048K, 75 young (153600K), 2 survivors (4096K)
 Metaspace       used 6692K, committed 6912K, reserved 1114112K
  class space    used 755K, committed 832K, reserved 1048576K
}
Event: 6.964 GC heap after
{Heap after GC invocations=10 (full 0):
 garbage-first heap   total 258048K, used 3429K [0x0000000704a00000, 0x0000000800000000)
  region size 2048K, 2 young (4096K), 2 survivors (4096K)
 Metaspace       used 6692K, committed 6912K, reserved 1114112K
  class space    used 755K, committed 832K, reserved 1048576K
}

