# JRE version: Java(TM) SE Runtime Environment (19.0.1+10) (build 19.0.1+10-21)
# Java VM: Java HotSpot(TM) 64-Bit Server VM (19.0.1+10-21, mixed mode, sharing, tiered, compressed oops, compressed class ptrs, g1 gc, windows-amd64)
GC Precious Log:
 CardTable entry size: 512
 Card Set container configuration: InlinePtr #cards 4 size 8 Array Of Cards #cards 16 size 48 Howl #buckets 8 coarsen threshold 3686 Howl Bitmap #cards 512 size 80 coarsen threshold 460 Card regions per heap region 1 cards per card region 4096
 CPUs: 8 total, 8 available
 Memory: 16082M
 Large Page Support: Disabled
 NUMA Support: Disabled
 Compressed Oops: Enabled (Zero based)
 Heap Region Size: 2M
 Heap Min Capacity: 8M
 Heap Initial Capacity: 252M
 Heap Max Capacity: 4022M
 Pre-touch: Disabled
 Parallel Workers: 8
 Concurrent Workers: 2
 Concurrent Refinement Workers: 8
 Periodic GC: Disabled
Heap:
 garbage-first heap   total 258048K, used 19827K [0x0000000704a00000, 0x0000000800000000)
  region size 2048K, 12 young (24576K), 2 survivors (4096K)
 Metaspace       used 6822K, committed 7040K, reserved 1114112K
  class space    used 757K, committed 832K, reserved 1048576K
GC Heap History (20 events):
Event: 1.028 GC heap before
{Heap before GC invocations=0 (full 0):
 garbage-first heap   total 258048K, used 22528K [0x0000000704a00000, 0x0000000800000000)
  region size 2048K, 11 young (22528K), 0 survivors (0K)
 Metaspace       used 5102K, committed 5248K, reserved 1114112K
  class space    used 608K, committed 704K, reserved 1048576K
}
Event: 1.033 GC heap after
{Heap after GC invocations=1 (full 0):
 garbage-first heap   total 258048K, used 2303K [0x0000000704a00000, 0x0000000800000000)
  region size 2048K, 2 young (4096K), 2 survivors (4096K)
 Metaspace       used 5102K, committed 5248K, reserved 1114112K
  class space    used 608K, committed 704K, reserved 1048576K
}
Event: 1.563 GC heap before
{Heap before GC invocations=1 (full 0):
 garbage-first heap   total 258048K, used 41215K [0x0000000704a00000, 0x0000000800000000)
  region size 2048K, 22 young (45056K), 2 survivors (4096K)
 Metaspace       used 6689K, committed 6912K, reserved 1114112K
  class space    used 756K, committed 832K, reserved 1048576K
}
Event: 1.568 GC heap after
{Heap after GC invocations=2 (full 0):
 garbage-first heap   total 258048K, used 3266K [0x0000000704a00000, 0x0000000800000000)
  region size 2048K, 2 young (4096K), 2 survivors (4096K)
 Metaspace       used 6689K, committed 6912K, reserved 1114112K
  class space    used 756K, committed 832K, reserved 1048576K
}
Event: 2.434 GC heap before
{Heap before GC invocations=2 (full 0):
 garbage-first heap   total 258048K, used 122050K [0x0000000704a00000, 0x0000000800000000)
  region size 2048K, 61 young (124928K), 2 survivors (4096K)
 Metaspace       used 6693K, committed 6912K, reserved 1114112K
  class space    used 756K, committed 832K, reserved 1048576K
}
Event: 2.438 GC heap after
{Heap after GC invocations=3 (full 0):
 garbage-first heap   total 258048K, used 3484K [0x0000000704a00000, 0x0000000800000000)
  region size 2048K, 2 young (4096K), 2 survivors (4096K)
 Metaspace       used 6693K, committed 6912K, reserved 1114112K
  class space    used 756K, committed 832K, reserved 1048576K
}
Event: 3.231 GC heap before
{Heap before GC invocations=3 (full 0):
 garbage-first heap   total 258048K, used 150940K [0x0000000704a00000, 0x0000000800000000)
  region size 2048K, 75 young (153600K), 2 survivors (4096K)
 Metaspace       used 6693K, committed 6912K, reserved 1114112K
  class space    used 756K, committed 832K, reserved 1048576K
}
Event: 3.236 GC heap after
{Heap after GC invocations=4 (full 0):
 garbage-first heap   total 258048K, used 3473K [0x0000000704a00000, 0x0000000800000000)
  region size 2048K, 2 young (4096K), 2 survivors (4096K)
 Metaspace       used 6693K, committed 6912K, reserved 1114112K
  class space    used 756K, committed 832K, reserved 1048576K
}
Event: 3.882 GC heap before
{Heap before GC invocations=4 (full 0):
 garbage-first heap   total 258048K, used 150929K [0x0000000704a00000, 0x0000000800000000)
  region size 2048K, 75 young (153600K), 2 survivors (4096K)
 Metaspace       used 6693K, committed 6912K, reserved 1114112K
  class space    used 756K, committed 832K, reserved 1048576K
}
Event: 3.885 GC heap after
{Heap after GC invocations=5 (full 0):
 garbage-first heap   total 258048K, used 3410K [0x0000000704a00000, 0x0000000800000000)
  region size 2048K, 2 young (4096K), 2 survivors (4096K)
 Metaspace       used 6693K, committed 6912K, reserved 1114112K
  class space    used 756K, committed 832K, reserved 1048576K
}
Event: 4.469 GC heap before
{Heap before GC invocations=5 (full 0):
 garbage-first heap   total 258048K, used 150866K [0x0000000704a00000, 0x0000000800000000)
  region size 2048K, 75 young (153600K), 2 survivors (4096K)
 Metaspace       used 6693K, committed 6912K, reserved 1114112K
  class space    used 756K, committed 832K, reserved 1048576K
}
Event: 4.471 GC heap after
{Heap after GC invocations=6 (full 0):
 garbage-first heap   total 258048K, used 3383K [0x0000000704a00000, 0x0000000800000000)
  region size 2048K, 2 young (4096K), 2 survivors (4096K)
 Metaspace       used 6693K, committed 6912K, reserved 1114112K
  class space    used 756K, committed 832K, reserved 1048576K
}
Event: 5.054 GC heap before
{Heap before GC invocations=6 (full 0):
 garbage-first heap   total 258048K, used 150839K [0x0000000704a00000, 0x0000000800000000)
  region size 2048K, 75 young (153600K), 2 survivors (4096K)
 Metaspace       used 6693K, committed 6912K, reserved 1114112K
  class space    used 756K, committed 832K, reserved 1048576K
}
Event: 5.057 GC heap after
{Heap after GC invocations=7 (full 0):
 garbage-first heap   total 258048K, used 3395K [0x0000000704a00000, 0x0000000800000000)
  region size 2048K, 2 young (4096K), 2 survivors (4096K)
 Metaspace       used 6693K, committed 6912K, reserved 1114112K
  class space    used 756K, committed 832K, reserved 1048576K
}
Event: 5.652 GC heap before
{Heap before GC invocations=7 (full 0):
 garbage-first heap   total 258048K, used 150851K [0x0000000704a00000, 0x0000000800000000)
  region size 2048K, 75 young (153600K), 2 survivors (4096K)
 Metaspace       used 6693K, committed 6912K, reserved 1114112K
  class space    used 756K, committed 832K, reserved 1048576K
}
Event: 5.655 GC heap after
{Heap after GC invocations=8 (full 0):
 garbage-first heap   total 258048K, used 3429K [0x0000000704a00000, 0x0000000800000000)
  region size 2048K, 2 young (4096K), 2 survivors (4096K)
 Metaspace       used 6693K, committed 6912K, reserved 1114112K
  class space    used 756K, committed 832K, reserved 1048576K
}
Event: 6.229 GC heap before
{Heap before GC invocations=8 (full 0):
 garbage-first heap   total 258048K, used 150885K [0x0000000704a00000, 0x0000000800000000)
  region size 2048K, 75 young (153600K), 2 survivors (4096K)
 Metaspace       used 6693K, committed 6912K, reserved 1114112K
  class space    used 756K, committed 832K, reserved 1048576K
}
Event: 6.232 GC heap after
{Heap after GC invocations=9 (full 0):
 garbage-first heap   total 258048K, used 3500K [0x0000000704a00000, 0x0000000800000000)
  region size 2048K, 2 young (4096K), 2 survivors (4096K)
 Metaspace       used 6693K, committed 6912K, reserved 1114112K
  class space    used 756K, committed 832K, reserved 1048576K
}
Event: 6.702 GC heap before
{Heap before GC invocations=9 (full 0):
 garbage-first heap   total 258048K, used 150956K [0x0000000704a00000, 0x0000000800000000)
  region size 2048K, 75 young (153600K), 2 survivors (4096K)
 Metaspace       used 6693K, committed 6912K, reserved 1114112K
  class space    used 756K, committed 832K, reserved 1048576K
}
Event: 6.705 GC heap after
{Heap after GC invocations=10 (full 0):
 garbage-first heap   total 258048K, used 3443K [0x0000000704a00000, 0x0000000800000000)
  region size 2048K, 2 young (4096K), 2 survivors (4096K)
 Metaspace       used 6693K, committed 6912K, reserved 1114112K
  class space    used 756K, committed 832K, reserved 1048576K
}

