# JRE version: Java(TM) SE Runtime Environment (19.0.1+10) (build 19.0.1+10-21)
# Java VM: Java HotSpot(TM) 64-Bit Server VM (19.0.1+10-21, mixed mode, sharing, tiered, compressed oops, compressed class ptrs, g1 gc, windows-amd64)
GC Precious Log:
 CardTable entry size: 512
 Card Set container configuration: InlinePtr #cards 4 size 8 Array Of Cards #cards 16 size 48 Howl #buckets 8 coarsen threshold 3686 Howl Bitmap #cards 512 size 80 coarsen threshold 460 Card regions per heap region 1 cards per card region 4096
 CPUs: 8 total, 8 available
 Memory: 16082M
 Large Page Support: Disabled
 NUMA Support: Disabled
 Compressed Oops: Enabled (Zero based)
 Heap Region Size: 2M
 Heap Min Capacity: 8M
 Heap Initial Capacity: 252M
 Heap Max Capacity: 4022M
 Pre-touch: Disabled
 Parallel Workers: 8
 Concurrent Workers: 2
 Concurrent Refinement Workers: 8
 Periodic GC: Disabled
Heap:
 garbage-first heap   total 694272K, used 393081K [0x0000000704a00000, 0x0000000800000000)
  region size 2048K, 5 young (10240K), 5 survivors (10240K)
 Metaspace       used 8073K, committed 8320K, reserved 1114112K
  class space    used 911K, committed 1024K, reserved 1048576K
GC Heap History (19 events):
Event: 0.685 GC heap before
{Heap before GC invocations=0 (full 0):
 garbage-first heap   total 258048K, used 22528K [0x0000000704a00000, 0x0000000800000000)
  region size 2048K, 11 young (22528K), 0 survivors (0K)
 Metaspace       used 5329K, committed 5568K, reserved 1114112K
  class space    used 533K, committed 640K, reserved 1048576K
}
Event: 0.688 GC heap after
{Heap after GC invocations=1 (full 0):
 garbage-first heap   total 258048K, used 2218K [0x0000000704a00000, 0x0000000800000000)
  region size 2048K, 2 young (4096K), 2 survivors (4096K)
 Metaspace       used 5329K, committed 5568K, reserved 1114112K
  class space    used 533K, committed 640K, reserved 1048576K
}
Event: 1.082 GC heap before
{Heap before GC invocations=1 (full 0):
 garbage-first heap   total 258048K, used 43178K [0x0000000704a00000, 0x0000000800000000)
  region size 2048K, 23 young (47104K), 2 survivors (4096K)
 Metaspace       used 7936K, committed 8192K, reserved 1114112K
  class space    used 900K, committed 1024K, reserved 1048576K
}
Event: 1.093 GC heap after
{Heap after GC invocations=2 (full 0):
 garbage-first heap   total 258048K, used 16497K [0x0000000704a00000, 0x0000000800000000)
  region size 2048K, 3 young (6144K), 3 survivors (6144K)
 Metaspace       used 7936K, committed 8192K, reserved 1114112K
  class space    used 900K, committed 1024K, reserved 1048576K
}
Event: 1.160 GC heap before
{Heap before GC invocations=2 (full 0):
 garbage-first heap   total 258048K, used 88177K [0x0000000704a00000, 0x0000000800000000)
  region size 2048K, 35 young (71680K), 3 survivors (6144K)
 Metaspace       used 8073K, committed 8320K, reserved 1114112K
  class space    used 911K, committed 1024K, reserved 1048576K
}
Event: 1.181 GC heap after
{Heap after GC invocations=3 (full 0):
 garbage-first heap   total 258048K, used 59132K [0x0000000704a00000, 0x0000000800000000)
  region size 2048K, 5 young (10240K), 5 survivors (10240K)
 Metaspace       used 8073K, committed 8320K, reserved 1114112K
  class space    used 911K, committed 1024K, reserved 1048576K
}
Event: 1.230 GC heap before
{Heap before GC invocations=3 (full 0):
 garbage-first heap   total 258048K, used 114428K [0x0000000704a00000, 0x0000000800000000)
  region size 2048K, 29 young (59392K), 5 survivors (10240K)
 Metaspace       used 8073K, committed 8320K, reserved 1114112K
  class space    used 911K, committed 1024K, reserved 1048576K
}
Event: 1.248 GC heap after
{Heap after GC invocations=4 (full 0):
 garbage-first heap   total 258048K, used 86016K [0x0000000704a00000, 0x0000000800000000)
  region size 2048K, 4 young (8192K), 4 survivors (8192K)
 Metaspace       used 8073K, committed 8320K, reserved 1114112K
  class space    used 911K, committed 1024K, reserved 1048576K
}
Event: 1.286 GC heap before
{Heap before GC invocations=4 (full 0):
 garbage-first heap   total 258048K, used 147456K [0x0000000704a00000, 0x0000000800000000)
  region size 2048K, 34 young (69632K), 4 survivors (8192K)
 Metaspace       used 8073K, committed 8320K, reserved 1114112K
  class space    used 911K, committed 1024K, reserved 1048576K
}
Event: 1.312 GC heap after
{Heap after GC invocations=5 (full 0):
 garbage-first heap   total 258048K, used 124316K [0x0000000704a00000, 0x0000000800000000)
  region size 2048K, 5 young (10240K), 5 survivors (10240K)
 Metaspace       used 8073K, committed 8320K, reserved 1114112K
  class space    used 911K, committed 1024K, reserved 1048576K
}
Event: 1.347 GC heap before
{Heap before GC invocations=5 (full 0):
 garbage-first heap   total 258048K, used 161180K [0x0000000704a00000, 0x0000000800000000)
  region size 2048K, 23 young (47104K), 5 survivors (10240K)
 Metaspace       used 8073K, committed 8320K, reserved 1114112K
  class space    used 911K, committed 1024K, reserved 1048576K
}
Event: 1.365 GC heap after
{Heap after GC invocations=6 (full 0):
 garbage-first heap   total 694272K, used 148412K [0x0000000704a00000, 0x0000000800000000)
  region size 2048K, 4 young (8192K), 4 survivors (8192K)
 Metaspace       used 8073K, committed 8320K, reserved 1114112K
  class space    used 911K, committed 1024K, reserved 1048576K
}
Event: 1.468 GC heap before
{Heap before GC invocations=6 (full 0):
 garbage-first heap   total 694272K, used 234428K [0x0000000704a00000, 0x0000000800000000)
  region size 2048K, 41 young (83968K), 4 survivors (8192K)
 Metaspace       used 8073K, committed 8320K, reserved 1114112K
  class space    used 911K, committed 1024K, reserved 1048576K
}
Event: 1.488 GC heap after
{Heap after GC invocations=7 (full 0):
 garbage-first heap   total 694272K, used 199242K [0x0000000704a00000, 0x0000000800000000)
  region size 2048K, 6 young (12288K), 6 survivors (12288K)
 Metaspace       used 8073K, committed 8320K, reserved 1114112K
  class space    used 911K, committed 1024K, reserved 1048576K
}
Event: 1.544 GC heap before
{Heap before GC invocations=7 (full 0):
 garbage-first heap   total 694272K, used 297546K [0x0000000704a00000, 0x0000000800000000)
  region size 2048K, 50 young (102400K), 6 survivors (12288K)
 Metaspace       used 8073K, committed 8320K, reserved 1114112K
  class space    used 911K, committed 1024K, reserved 1048576K
}
Event: 1.564 GC heap after
{Heap after GC invocations=8 (full 0):
 garbage-first heap   total 694272K, used 256000K [0x0000000704a00000, 0x0000000800000000)
  region size 2048K, 7 young (14336K), 7 survivors (14336K)
 Metaspace       used 8073K, committed 8320K, reserved 1114112K
  class space    used 911K, committed 1024K, reserved 1048576K
}
Event: 1.782 GC heap before
{Heap before GC invocations=8 (full 0):
 garbage-first heap   total 694272K, used 503808K [0x0000000704a00000, 0x0000000800000000)
  region size 2048K, 118 young (241664K), 7 survivors (14336K)
 Metaspace       used 8073K, committed 8320K, reserved 1114112K
  class space    used 911K, committed 1024K, reserved 1048576K
}
Event: 1.846 GC heap after
{Heap after GC invocations=9 (full 0):
 garbage-first heap   total 694272K, used 379904K [0x0000000704a00000, 0x0000000800000000)
  region size 2048K, 15 young (30720K), 15 survivors (30720K)
 Metaspace       used 8073K, committed 8320K, reserved 1114112K
  class space    used 911K, committed 1024K, reserved 1048576K
}
Event: 1.866 GC heap before
{Heap before GC invocations=9 (full 0):
 garbage-first heap   total 694272K, used 394240K [0x0000000704a00000, 0x0000000800000000)
  region size 2048K, 23 young (47104K), 15 survivors (30720K)
 Metaspace       used 8073K, committed 8320K, reserved 1114112K
  class space    used 911K, committed 1024K, reserved 1048576K
}

